<?xml version="1.0" encoding="utf-8"?><testsuites name="pytest tests"><testsuite name="pytest" errors="0" failures="1" skipped="0" tests="15" time="0.708" timestamp="2026-01-01T09:01:57.881120+00:00" hostname="agent-env-cd5468f8-c425-47e6-836b-c6c78f611046"><testcase classname="tests.test_orthoconnect_api.TestHealthAndMeta" name="test_api_health" time="0.066" /><testcase classname="tests.test_orthoconnect_api.TestHealthAndMeta" name="test_subspecialties_endpoint" time="0.039" /><testcase classname="tests.test_orthoconnect_api.TestDoctorProfile" name="test_get_doctor_profile_by_slug" time="0.038" /><testcase classname="tests.test_orthoconnect_api.TestDoctorProfile" name="test_doctor_profile_not_found" time="0.032" /><testcase classname="tests.test_orthoconnect_api.TestSearchFunctionality" name="test_smart_search_with_english" time="0.031"><failure message="assert 400 == 200&#10; +  where 400 = &lt;Response [400]&gt;.status_code">tests/test_orthoconnect_api.py:102: in test_smart_search_with_english
    assert response.status_code == 200
E   assert 400 == 200
E    +  where 400 = &lt;Response [400]&gt;.status_code</failure></testcase><testcase classname="tests.test_orthoconnect_api.TestSearchFunctionality" name="test_smart_search_with_hindi" time="0.038" /><testcase classname="tests.test_orthoconnect_api.TestSearchFunctionality" name="test_smart_search_with_telugu" time="0.041" /><testcase classname="tests.test_orthoconnect_api.TestSearchFunctionality" name="test_search_requires_location" time="0.031" /><testcase classname="tests.test_orthoconnect_api.TestSearchFunctionality" name="test_profiles_search_endpoint" time="0.033" /><testcase classname="tests.test_orthoconnect_api.TestOTPAuthentication" name="test_request_otp" time="0.032" /><testcase classname="tests.test_orthoconnect_api.TestOTPAuthentication" name="test_verify_otp" time="0.075" /><testcase classname="tests.test_orthoconnect_api.TestOTPAuthentication" name="test_invalid_otp" time="0.033" /><testcase classname="tests.test_orthoconnect_api.TestAdminEndpoints" name="test_admin_login" time="0.034" /><testcase classname="tests.test_orthoconnect_api.TestAdminEndpoints" name="test_admin_login_invalid" time="0.031" /><testcase classname="tests.test_orthoconnect_api.TestAdminEndpoints" name="test_admin_list_surgeons" time="0.068" /></testsuite></testsuites>