<?xml version="1.0" encoding="utf-8"?><testsuites name="pytest tests"><testsuite name="pytest" errors="0" failures="0" skipped="0" tests="28" time="17.743" timestamp="2026-03-25T15:20:49.730760+00:00" hostname="agent-env-feb474b0-f9a9-48bd-b39f-d05f56577a16"><testcase classname="backend.tests.test_refactored_routes.TestPublicRoutes" name="test_health_endpoint" time="0.782" /><testcase classname="backend.tests.test_refactored_routes.TestPublicRoutes" name="test_get_divisions" time="0.121" /><testcase classname="backend.tests.test_refactored_routes.TestPublicRoutes" name="test_get_products_list" time="0.131" /><testcase classname="backend.tests.test_refactored_routes.TestPublicRoutes" name="test_get_products_with_division_filter" time="0.132" /><testcase classname="backend.tests.test_refactored_routes.TestPublicRoutes" name="test_get_products_with_search" time="0.119" /><testcase classname="backend.tests.test_refactored_routes.TestPublicRoutes" name="test_get_single_product" time="0.236" /><testcase classname="backend.tests.test_refactored_routes.TestPublicRoutes" name="test_create_lead" time="0.124" /><testcase classname="backend.tests.test_refactored_routes.TestAdminAuth" name="test_admin_login_success" time="1.045" /><testcase classname="backend.tests.test_refactored_routes.TestAdminAuth" name="test_admin_login_failure" time="0.126" /><testcase classname="backend.tests.test_refactored_routes.TestAdminDashboard" name="test_admin_stats" time="0.243" /><testcase classname="backend.tests.test_refactored_routes.TestAdminDashboard" name="test_admin_stats_requires_auth" time="0.188" /><testcase classname="backend.tests.test_refactored_routes.TestAdminDashboard" name="test_admin_pipeline" time="0.105" /><testcase classname="backend.tests.test_refactored_routes.TestAdminDashboard" name="test_admin_analytics" time="0.121" /><testcase classname="backend.tests.test_refactored_routes.TestAdminLeads" name="test_admin_list_leads" time="0.134" /><testcase classname="backend.tests.test_refactored_routes.TestAdminLeads" name="test_admin_leads_with_filters" time="0.116" /><testcase classname="backend.tests.test_refactored_routes.TestAdminProducts" name="test_admin_list_products" time="0.130" /><testcase classname="backend.tests.test_refactored_routes.TestAdminProducts" name="test_admin_create_product" time="0.196" /><testcase classname="backend.tests.test_refactored_routes.TestAdminProducts" name="test_admin_update_product" time="0.335" /><testcase classname="backend.tests.test_refactored_routes.TestAdminProducts" name="test_admin_delete_product" time="0.335" /><testcase classname="backend.tests.test_refactored_routes.TestProductImageUpload" name="test_image_upload_endpoint_exists" time="0.212" /><testcase classname="backend.tests.test_refactored_routes.TestProductImageUpload" name="test_image_upload_requires_auth" time="0.107" /><testcase classname="backend.tests.test_refactored_routes.TestProductImageUpload" name="test_image_delete_endpoint_exists" time="0.252" /><testcase classname="backend.tests.test_refactored_routes.TestProductImageUpload" name="test_bulk_image_upload_endpoint_exists" time="0.132" /><testcase classname="backend.tests.test_refactored_routes.TestProductImageUpload" name="test_bulk_image_upload_requires_auth" time="0.121" /><testcase classname="backend.tests.test_refactored_routes.TestChatEndpoint" name="test_chat_endpoint" time="11.227" /><testcase classname="backend.tests.test_refactored_routes.TestChatEndpoint" name="test_chat_suggestions" time="0.159" /><testcase classname="backend.tests.test_refactored_routes.TestFileServing" name="test_file_endpoint_exists" time="0.472" /><testcase classname="backend.tests.test_refactored_routes.TestCleanup" name="test_cleanup_test_products" time="0.242" /></testsuite></testsuites>