<?xml version="1.0" encoding="utf-8"?><testsuites name="pytest tests"><testsuite name="pytest" errors="0" failures="0" skipped="0" tests="19" time="14.298" timestamp="2026-03-24T19:17:27.421920+00:00" hostname="agent-env-5f035379-8e75-4b6f-b580-9d70a5ab4669"><testcase classname="backend.tests.test_whatsapp_enhanced.TestWhatsAppAnalytics" name="test_analytics_returns_conversation_stats" time="0.352" /><testcase classname="backend.tests.test_whatsapp_enhanced.TestWhatsAppAnalytics" name="test_analytics_returns_delivery_stats" time="0.276" /><testcase classname="backend.tests.test_whatsapp_enhanced.TestWhatsAppAnalytics" name="test_analytics_requires_auth" time="0.357" /><testcase classname="backend.tests.test_whatsapp_enhanced.TestWhatsAppTemplateMessaging" name="test_send_template_requires_phone_and_template_name" time="0.408" /><testcase classname="backend.tests.test_whatsapp_enhanced.TestWhatsAppTemplateMessaging" name="test_send_template_makes_api_call" time="0.972" /><testcase classname="backend.tests.test_whatsapp_enhanced.TestWhatsAppTemplateMessaging" name="test_send_template_with_all_parameters" time="0.726" /><testcase classname="backend.tests.test_whatsapp_enhanced.TestWhatsAppTemplateMessaging" name="test_send_template_requires_auth" time="0.360" /><testcase classname="backend.tests.test_whatsapp_enhanced.TestWhatsAppContactSync" name="test_sync_single_lead_requires_lead_id" time="0.243" /><testcase classname="backend.tests.test_whatsapp_enhanced.TestWhatsAppContactSync" name="test_sync_single_lead_returns_404_for_invalid_id" time="0.252" /><testcase classname="backend.tests.test_whatsapp_enhanced.TestWhatsAppContactSync" name="test_bulk_sync_all_leads" time="8.130" /><testcase classname="backend.tests.test_whatsapp_enhanced.TestWhatsAppContactSync" name="test_bulk_sync_requires_auth" time="0.260" /><testcase classname="backend.tests.test_whatsapp_enhanced.TestWhatsAppEventTracking" name="test_track_event_requires_phone_and_event" time="0.316" /><testcase classname="backend.tests.test_whatsapp_enhanced.TestWhatsAppEventTracking" name="test_track_event_makes_api_call" time="0.706" /><testcase classname="backend.tests.test_whatsapp_enhanced.TestWhatsAppEventTracking" name="test_track_event_requires_auth" time="0.236" /><testcase classname="backend.tests.test_whatsapp_enhanced.TestWebhookStatusEvents" name="test_webhook_handles_message_sent_status" time="0.121" /><testcase classname="backend.tests.test_whatsapp_enhanced.TestWebhookStatusEvents" name="test_webhook_handles_message_delivered_status" time="0.111" /><testcase classname="backend.tests.test_whatsapp_enhanced.TestWebhookStatusEvents" name="test_webhook_handles_message_read_status" time="0.143" /><testcase classname="backend.tests.test_whatsapp_enhanced.TestWebhookStatusEvents" name="test_webhook_handles_message_failed_status" time="0.105" /><testcase classname="backend.tests.test_whatsapp_enhanced.TestLeadCreationInteraktSync" name="test_create_lead_with_whatsapp_triggers_sync" time="0.140" /></testsuite></testsuites>