<?xml version="1.0" encoding="utf-8"?><testsuites name="pytest tests"><testsuite name="pytest" errors="0" failures="0" skipped="0" tests="19" time="2.606" timestamp="2026-03-27T17:29:56.273942+00:00" hostname="agent-env-439e5b02-7485-4efc-a172-4d52f69baec2"><testcase classname="tests.test_catalog_sku_polish.TestHumerusPageRename" name="test_humerus_page_renamed_display_name" time="0.169" /><testcase classname="tests.test_catalog_sku_polish.TestHumerusPageRename" name="test_humerus_page_category_updated" time="0.160" /><testcase classname="tests.test_catalog_sku_polish.TestHumerusPageRename" name="test_humerus_page_has_83_skus" time="0.129" /><testcase classname="tests.test_catalog_sku_polish.TestDuplicateHumerusHidden" name="test_duplicate_humerus_not_in_trauma_listing" time="0.125" /><testcase classname="tests.test_catalog_sku_polish.TestDuplicateHumerusHidden" name="test_trauma_division_has_43_products" time="0.123" /><testcase classname="tests.test_catalog_sku_polish.TestSkuParsedColumns" name="test_humerus_page_has_sku_parsed_columns" time="0.156" /><testcase classname="tests.test_catalog_sku_polish.TestSkuParsedColumns" name="test_sku_has_parsed_object" time="0.129" /><testcase classname="tests.test_catalog_sku_polish.TestSkuParsedColumns" name="test_sku_side_field_values" time="0.116" /><testcase classname="tests.test_catalog_sku_polish.TestSkuSourceFields" name="test_sku_has_source_file_field" time="0.130" /><testcase classname="tests.test_catalog_sku_polish.TestSkuSourceFields" name="test_sku_source_shadow_for_brochure" time="0.145" /><testcase classname="tests.test_catalog_sku_polish.TestCardiovascularProduct" name="test_cardiovascular_stent_product" time="0.140" /><testcase classname="tests.test_catalog_sku_polish.TestCardiovascularProduct" name="test_cardiovascular_sku_parsed_columns" time="0.128" /><testcase classname="tests.test_catalog_sku_polish.TestDiagnosticsProduct" name="test_diagnostics_product_exists" time="0.108" /><testcase classname="tests.test_catalog_sku_polish.TestDiagnosticsProduct" name="test_diagnostics_sku_has_product_name" time="0.157" /><testcase classname="tests.test_catalog_sku_polish.TestAllDivisionsStillWork" name="test_trauma_division" time="0.128" /><testcase classname="tests.test_catalog_sku_polish.TestAllDivisionsStillWork" name="test_cardiovascular_division" time="0.121" /><testcase classname="tests.test_catalog_sku_polish.TestAllDivisionsStillWork" name="test_diagnostics_division" time="0.125" /><testcase classname="tests.test_catalog_sku_polish.TestAllDivisionsStillWork" name="test_joint_replacement_division" time="0.121" /><testcase classname="tests.test_catalog_sku_polish.TestAllDivisionsStillWork" name="test_divisions_list_has_4" time="0.138" /></testsuite></testsuites>