<?xml version="1.0" encoding="utf-8"?><testsuites name="pytest tests"><testsuite name="pytest" errors="0" failures="0" skipped="0" tests="19" time="5.395" timestamp="2026-03-28T12:38:08.879523+00:00" hostname="agent-env-239baf88-ebc0-417c-9dc7-85d672a2a9bf"><testcase classname="backend.tests.test_catalog_cutover_iter48.TestPublicAPIs" name="test_health_check" time="0.258" /><testcase classname="backend.tests.test_catalog_cutover_iter48.TestPublicAPIs" name="test_divisions_returns_13_divisions" time="0.153" /><testcase classname="backend.tests.test_catalog_cutover_iter48.TestPublicAPIs" name="test_products_search_hernia" time="0.197" /><testcase classname="backend.tests.test_catalog_cutover_iter48.TestPublicAPIs" name="test_featured_products_homepage" time="0.128" /><testcase classname="backend.tests.test_catalog_cutover_iter48.TestPublicAPIs" name="test_product_by_slug" time="0.410" /><testcase classname="backend.tests.test_catalog_cutover_iter48.TestCatalogAPIs" name="test_catalog_divisions_consistency" time="0.170" /><testcase classname="backend.tests.test_catalog_cutover_iter48.TestCatalogAPIs" name="test_catalog_products_search_stent" time="0.125" /><testcase classname="backend.tests.test_catalog_cutover_iter48.TestCatalogAPIs" name="test_catalog_products_search_trauma" time="0.119" /><testcase classname="backend.tests.test_catalog_cutover_iter48.TestChatbotAPIs" name="test_chatbot_query_ent_products" time="0.114" /><testcase classname="backend.tests.test_catalog_cutover_iter48.TestChatbotAPIs" name="test_chatbot_query_sku" time="0.149" /><testcase classname="backend.tests.test_catalog_cutover_iter48.TestChatbotAPIs" name="test_chatbot_stats" time="0.119" /><testcase classname="backend.tests.test_catalog_cutover_iter48.TestChatbotAPIs" name="test_chatbot_brands" time="0.108" /><testcase classname="backend.tests.test_catalog_cutover_iter48.TestChatbotAPIs" name="test_chatbot_products_by_division" time="0.151" /><testcase classname="backend.tests.test_catalog_cutover_iter48.TestAIChatAPI" name="test_chat_hernia_mesh" time="2.067" /><testcase classname="backend.tests.test_catalog_cutover_iter48.TestAdminAPIs" name="test_admin_login" time="0.110" /><testcase classname="backend.tests.test_catalog_cutover_iter48.TestAdminAPIs" name="test_admin_stats" time="0.242" /><testcase classname="backend.tests.test_catalog_cutover_iter48.TestAdminAPIs" name="test_admin_products" time="0.200" /><testcase classname="backend.tests.test_catalog_cutover_iter48.TestDataConsistency" name="test_division_count_consistency" time="0.249" /><testcase classname="backend.tests.test_catalog_cutover_iter48.TestDataConsistency" name="test_product_count_consistency" time="0.239" /></testsuite></testsuites>