<?xml version="1.0" encoding="utf-8"?><testsuites name="pytest tests"><testsuite name="pytest" errors="0" failures="0" skipped="0" tests="14" time="14.142" timestamp="2026-03-29T09:39:38.803464+00:00" hostname="agent-env-a1369111-2fd9-48f7-b743-7bf0a802420f"><testcase classname="backend.tests.test_zone_territory_system.TestHealthCheck" name="test_api_health" time="0.252" /><testcase classname="backend.tests.test_zone_territory_system.TestLeadCreationWithEqualScoring" name="test_cardiology_lead_scores_equally_to_orthopedics" time="1.216" /><testcase classname="backend.tests.test_zone_territory_system.TestLeadCreationWithEqualScoring" name="test_ent_lead_from_warangal_assigned_to_agile_healthcare" time="1.403" /><testcase classname="backend.tests.test_zone_territory_system.TestLeadCreationWithEqualScoring" name="test_hyderabad_lead_auto_detects_zone_02" time="1.034" /><testcase classname="backend.tests.test_zone_territory_system.TestZoneEndpoints" name="test_get_zones_returns_4_zones_all_agile_healthcare" time="1.150" /><testcase classname="backend.tests.test_zone_territory_system.TestZoneEndpoints" name="test_geo_detect_returns_geo_data" time="0.247" /><testcase classname="backend.tests.test_zone_territory_system.TestVisitorTracking" name="test_track_visitor_event" time="0.100" /><testcase classname="backend.tests.test_zone_territory_system.TestVisitorTracking" name="test_track_search_event" time="0.100" /><testcase classname="backend.tests.test_zone_territory_system.TestZoneAnalytics" name="test_zone_analytics" time="0.125" /><testcase classname="backend.tests.test_zone_territory_system.TestZoneAnalytics" name="test_visitor_insights" time="0.100" /><testcase classname="backend.tests.test_zone_territory_system.TestTerritoryPenetration" name="test_territory_penetration_returns_district_breakdown" time="0.107" /><testcase classname="backend.tests.test_zone_territory_system.TestTerritoryPenetration" name="test_all_divisions_contains_13_meril_divisions" time="0.138" /><testcase classname="backend.tests.test_zone_territory_system.TestDepartmentScoring" name="test_all_departments_score_25_points" time="8.100" /><testcase classname="backend.tests.test_zone_territory_system.TestCleanup" name="test_cleanup_test_leads" time="0.000" /></testsuite></testsuites>