<?xml version="1.0" encoding="utf-8"?><testsuites name="pytest tests"><testsuite name="pytest" errors="0" failures="0" skipped="0" tests="7" time="1.069" timestamp="2026-03-30T05:57:59.276295+00:00" hostname="agent-env-3ffc5f9e-8378-4a93-bb7b-dbda3d26c034"><testcase classname="tests.test_cookie_consent_iter59.TestAppHealth" name="test_catalog_divisions_returns_data" time="0.238" /><testcase classname="tests.test_cookie_consent_iter59.TestAppHealth" name="test_health_endpoint" time="0.101" /><testcase classname="tests.test_cookie_consent_iter59.TestAdminAuth" name="test_admin_login_with_correct_password" time="0.113" /><testcase classname="tests.test_cookie_consent_iter59.TestAdminAuth" name="test_admin_login_with_wrong_password" time="0.103" /><testcase classname="tests.test_cookie_consent_iter59.TestAdminAuth" name="test_admin_stats_requires_auth" time="0.100" /><testcase classname="tests.test_cookie_consent_iter59.TestAdminAuth" name="test_admin_stats_with_valid_token" time="0.243" /><testcase classname="tests.test_cookie_consent_iter59.TestCatalogAPI" name="test_catalog_product_detail" time="0.106" /></testsuite></testsuites>