<?xml version="1.0" encoding="utf-8"?><testsuites name="pytest tests"><testsuite name="pytest" errors="0" failures="0" skipped="0" tests="59" time="10.532" timestamp="2026-03-28T09:58:39.426379+00:00" hostname="agent-env-5fee993d-9bf0-4d93-b1f7-ef2d3c811a4c"><testcase classname="backend.tests.test_review_dashboard_api.TestReviewDashboardAPI" name="test_review_stats_returns_200" time="0.167" /><testcase classname="backend.tests.test_review_dashboard_api.TestReviewDashboardAPI" name="test_review_stats_has_coverage_pct" time="0.150" /><testcase classname="backend.tests.test_review_dashboard_api.TestReviewDashboardAPI" name="test_review_stats_by_status_structure" time="0.156" /><testcase classname="backend.tests.test_review_dashboard_api.TestReviewDashboardAPI" name="test_review_stats_by_division_structure" time="0.154" /><testcase classname="backend.tests.test_review_dashboard_api.TestReviewDashboardAPI" name="test_review_stats_requires_auth" time="0.183" /><testcase classname="backend.tests.test_review_dashboard_api.TestReviewDashboardAPI" name="test_review_products_returns_200" time="0.166" /><testcase classname="backend.tests.test_review_dashboard_api.TestReviewDashboardAPI" name="test_review_products_pending_only_filter" time="0.152" /><testcase classname="backend.tests.test_review_dashboard_api.TestReviewDashboardAPI" name="test_review_products_pagination" time="0.218" /><testcase classname="backend.tests.test_review_dashboard_api.TestReviewDashboardAPI" name="test_review_products_division_filter" time="0.253" /><testcase classname="backend.tests.test_review_dashboard_api.TestReviewDashboardAPI" name="test_review_products_status_filter" time="0.206" /><testcase classname="backend.tests.test_review_dashboard_api.TestReviewDashboardAPI" name="test_review_products_action_filter" time="0.217" /><testcase classname="backend.tests.test_review_dashboard_api.TestReviewDashboardAPI" name="test_review_products_confidence_filter" time="0.156" /><testcase classname="backend.tests.test_review_dashboard_api.TestReviewDashboardAPI" name="test_review_products_brand_search" time="0.159" /><testcase classname="backend.tests.test_review_dashboard_api.TestReviewDashboardAPI" name="test_review_products_family_search" time="0.145" /><testcase classname="backend.tests.test_review_dashboard_api.TestReviewDashboardAPI" name="test_review_products_requires_auth" time="0.205" /><testcase classname="backend.tests.test_review_dashboard_api.TestReviewDashboardAPI" name="test_review_product_detail_returns_200" time="0.187" /><testcase classname="backend.tests.test_review_dashboard_api.TestReviewDashboardAPI" name="test_review_product_detail_comparison_fields" time="0.247" /><testcase classname="backend.tests.test_review_dashboard_api.TestReviewDashboardAPI" name="test_review_product_detail_404_for_invalid_slug" time="0.150" /><testcase classname="backend.tests.test_review_dashboard_api.TestReviewDashboardAPI" name="test_review_product_detail_requires_auth" time="0.188" /><testcase classname="backend.tests.test_review_dashboard_api.TestReviewDashboardAPI" name="test_review_families_returns_200" time="0.161" /><testcase classname="backend.tests.test_review_dashboard_api.TestReviewDashboardAPI" name="test_review_families_structure" time="0.163" /><testcase classname="backend.tests.test_review_dashboard_api.TestReviewDashboardAPI" name="test_review_families_division_filter" time="0.228" /><testcase classname="backend.tests.test_review_dashboard_api.TestReviewDashboardAPI" name="test_review_families_pending_only_filter" time="0.169" /><testcase classname="backend.tests.test_review_dashboard_api.TestReviewDashboardAPI" name="test_review_families_requires_auth" time="0.203" /><testcase classname="backend.tests.test_review_dashboard_api.TestReviewDashboardAPI" name="test_approve_product_returns_200" time="0.229" /><testcase classname="backend.tests.test_review_dashboard_api.TestReviewDashboardAPI" name="test_approve_product_404_for_invalid_slug" time="0.144" /><testcase classname="backend.tests.test_review_dashboard_api.TestReviewDashboardAPI" name="test_approve_product_requires_auth" time="0.200" /><testcase classname="backend.tests.test_review_dashboard_api.TestReviewDashboardAPI" name="test_reject_product_returns_200" time="0.192" /><testcase classname="backend.tests.test_review_dashboard_api.TestReviewDashboardAPI" name="test_reject_product_404_for_invalid_slug" time="0.171" /><testcase classname="backend.tests.test_review_dashboard_api.TestReviewDashboardAPI" name="test_reject_product_requires_auth" time="0.194" /><testcase classname="backend.tests.test_review_dashboard_api.TestReviewDashboardAPI" name="test_edit_approve_product_returns_200" time="0.211" /><testcase classname="backend.tests.test_review_dashboard_api.TestReviewDashboardAPI" name="test_edit_approve_product_404_for_invalid_slug" time="0.142" /><testcase classname="backend.tests.test_review_dashboard_api.TestReviewDashboardAPI" name="test_edit_approve_product_requires_auth" time="0.203" /><testcase classname="backend.tests.test_review_dashboard_api.TestReviewDashboardAPI" name="test_bulk_approve_by_slugs_returns_200" time="0.188" /><testcase classname="backend.tests.test_review_dashboard_api.TestReviewDashboardAPI" name="test_bulk_approve_by_family_returns_200" time="0.219" /><testcase classname="backend.tests.test_review_dashboard_api.TestReviewDashboardAPI" name="test_bulk_approve_requires_criteria" time="0.135" /><testcase classname="backend.tests.test_review_dashboard_api.TestReviewDashboardAPI" name="test_bulk_approve_requires_auth" time="0.183" /><testcase classname="backend.tests.test_review_dashboard_api.TestReviewDashboardAPI" name="test_promotion_log_exists" time="0.152" /><testcase classname="backend.tests.test_review_dashboard_api.TestReviewDashboardWithSpecificSlugs" name="test_specific_slug_myra_bms" time="0.159" /><testcase classname="backend.tests.test_review_dashboard_api.TestReviewDashboardWithSpecificSlugs" name="test_specific_slug_vircell_dengue" time="0.136" /><testcase classname="backend.tests.test_review_dashboard_api.TestSmartSuggestionsAPI" name="test_smart_suggestions_returns_200" time="0.163" /><testcase classname="backend.tests.test_review_dashboard_api.TestSmartSuggestionsAPI" name="test_smart_suggestions_summary_structure" time="0.196" /><testcase classname="backend.tests.test_review_dashboard_api.TestSmartSuggestionsAPI" name="test_smart_suggestions_has_eligible_families" time="0.161" /><testcase classname="backend.tests.test_review_dashboard_api.TestSmartSuggestionsAPI" name="test_smart_suggestions_suggestion_structure" time="0.165" /><testcase classname="backend.tests.test_review_dashboard_api.TestSmartSuggestionsAPI" name="test_smart_suggestions_eligible_family_criteria" time="0.169" /><testcase classname="backend.tests.test_review_dashboard_api.TestSmartSuggestionsAPI" name="test_smart_suggestions_exclusion_reasons" time="0.171" /><testcase classname="backend.tests.test_review_dashboard_api.TestSmartSuggestionsAPI" name="test_smart_suggestions_score_range" time="0.172" /><testcase classname="backend.tests.test_review_dashboard_api.TestSmartSuggestionsAPI" name="test_smart_suggestions_ti_vs_ss_exclusion" time="0.148" /><testcase classname="backend.tests.test_review_dashboard_api.TestSmartSuggestionsAPI" name="test_smart_suggestions_mixed_coated_exclusion" time="0.160" /><testcase classname="backend.tests.test_review_dashboard_api.TestSmartSuggestionsAPI" name="test_smart_suggestions_conflict_flags_exclusion" time="0.153" /><testcase classname="backend.tests.test_review_dashboard_api.TestSmartSuggestionsAPI" name="test_smart_suggestions_cross_brand_exclusion" time="0.159" /><testcase classname="backend.tests.test_review_dashboard_api.TestSmartSuggestionsAPI" name="test_smart_suggestions_sorting" time="0.141" /><testcase classname="backend.tests.test_review_dashboard_api.TestSmartSuggestionsAPI" name="test_smart_suggestions_min_family_size_filter" time="0.148" /><testcase classname="backend.tests.test_review_dashboard_api.TestSmartSuggestionsAPI" name="test_smart_suggestions_division_filter" time="0.208" /><testcase classname="backend.tests.test_review_dashboard_api.TestSmartSuggestionsAPI" name="test_smart_suggestions_requires_auth" time="0.190" /><testcase classname="backend.tests.test_review_dashboard_api.TestSmartSuggestionsAPI" name="test_bulk_approve_eligible_family_slugs" time="0.224" /><testcase classname="backend.tests.test_review_dashboard_api.TestSmartSuggestionsAPI" name="test_smart_suggestions_partially_eligible_structure" time="0.160" /><testcase classname="backend.tests.test_review_dashboard_api.TestSmartSuggestionsAPI" name="test_smart_suggestions_sample_titles" time="0.149" /><testcase classname="backend.tests.test_review_dashboard_api.TestSmartSuggestionsAPI" name="test_smart_suggestions_implant_classes" time="0.178" /></testsuite></testsuites>