<?xml version="1.0" encoding="utf-8"?><testsuites name="pytest tests"><testsuite name="pytest" errors="0" failures="0" skipped="0" tests="24" time="8.637" timestamp="2026-03-24T16:39:25.529939+00:00" hostname="agent-env-360d62f3-5ef2-436f-a52a-8e56fdbb9ae9"><testcase classname="backend.tests.test_phase2_crm.TestPipelineEndpoint" name="test_pipeline_requires_auth" time="0.341" /><testcase classname="backend.tests.test_phase2_crm.TestPipelineEndpoint" name="test_get_pipeline_returns_6_statuses" time="0.266" /><testcase classname="backend.tests.test_phase2_crm.TestPipelineEndpoint" name="test_pipeline_leads_have_required_fields" time="0.270" /><testcase classname="backend.tests.test_phase2_crm.TestAnalyticsEndpoint" name="test_analytics_requires_auth" time="0.271" /><testcase classname="backend.tests.test_phase2_crm.TestAnalyticsEndpoint" name="test_get_analytics_returns_all_metrics" time="0.219" /><testcase classname="backend.tests.test_phase2_crm.TestAnalyticsEndpoint" name="test_analytics_by_source_structure" time="0.265" /><testcase classname="backend.tests.test_phase2_crm.TestAnalyticsEndpoint" name="test_analytics_by_score_structure" time="0.343" /><testcase classname="backend.tests.test_phase2_crm.TestAnalyticsEndpoint" name="test_analytics_by_status_structure" time="0.238" /><testcase classname="backend.tests.test_phase2_crm.TestAnalyticsEndpoint" name="test_analytics_by_district_structure" time="0.237" /><testcase classname="backend.tests.test_phase2_crm.TestAnalyticsEndpoint" name="test_analytics_by_inquiry_structure" time="0.220" /><testcase classname="backend.tests.test_phase2_crm.TestAnalyticsEndpoint" name="test_analytics_recent_leads_structure" time="0.262" /><testcase classname="backend.tests.test_phase2_crm.TestLeadStatusUpdate" name="test_update_lead_status_new_to_contacted" time="0.643" /><testcase classname="backend.tests.test_phase2_crm.TestLeadStatusUpdate" name="test_update_lead_status_to_qualified" time="0.439" /><testcase classname="backend.tests.test_phase2_crm.TestLeadStatusUpdate" name="test_update_lead_status_to_won" time="0.443" /><testcase classname="backend.tests.test_phase2_crm.TestLeadStatusUpdate" name="test_update_lead_status_to_lost" time="0.518" /><testcase classname="backend.tests.test_phase2_crm.TestProductCreate" name="test_create_product_requires_auth" time="0.309" /><testcase classname="backend.tests.test_phase2_crm.TestProductCreate" name="test_create_product_with_all_fields" time="0.390" /><testcase classname="backend.tests.test_phase2_crm.TestProductCreate" name="test_create_product_minimal_fields" time="0.308" /><testcase classname="backend.tests.test_phase2_crm.TestProductUpdate" name="test_update_product_requires_auth" time="0.431" /><testcase classname="backend.tests.test_phase2_crm.TestProductUpdate" name="test_update_product_name" time="0.465" /><testcase classname="backend.tests.test_phase2_crm.TestProductUpdate" name="test_update_product_specs" time="0.446" /><testcase classname="backend.tests.test_phase2_crm.TestProductUpdate" name="test_update_product_status" time="0.583" /><testcase classname="backend.tests.test_phase2_crm.TestProductUpdate" name="test_update_product_not_found" time="0.241" /><testcase classname="backend.tests.test_phase2_crm.TestCleanup" name="test_cleanup_test_data" time="0.350" /></testsuite></testsuites>