<?xml version="1.0" encoding="utf-8"?><testsuites name="pytest tests"><testsuite name="pytest" errors="0" failures="1" skipped="0" tests="8" time="87.247" timestamp="2026-03-30T11:16:41.344648+00:00" hostname="agent-env-c0baa80d-6551-457e-8c57-85df01c54293"><testcase classname="backend.tests.test_interakt_contact_sync_iter62.TestInteraktContactSync" name="test_01_admin_login" time="0.305" /><testcase classname="backend.tests.test_interakt_contact_sync_iter62.TestInteraktContactSync" name="test_02_fetch_interakt_contacts" time="12.008" /><testcase classname="backend.tests.test_interakt_contact_sync_iter62.TestInteraktContactSync" name="test_03_sync_interakt_to_crm" time="13.965" /><testcase classname="backend.tests.test_interakt_contact_sync_iter62.TestInteraktContactSync" name="test_04_dashboard_stats_total_leads" time="0.189" /><testcase classname="backend.tests.test_interakt_contact_sync_iter62.TestInteraktContactSync" name="test_05_leads_with_interakt_sync_source" time="0.164" /><testcase classname="backend.tests.test_interakt_contact_sync_iter62.TestInteraktContactSync" name="test_06_whatsapp_analytics" time="0.162" /><testcase classname="backend.tests.test_interakt_contact_sync_iter62.TestInteraktContactSync" name="test_07_whatsapp_conversations" time="0.154" /><testcase classname="backend.tests.test_interakt_contact_sync_iter62.TestPushLeadsToInterakt" name="test_01_sync_all_leads_to_interakt" time="60.220"><failure message="AssertionError: Sync all leads failed: The preview environment is not responding. It may be starting up.&#10;  &#10;assert 502 == 200&#10; +  where 502 = &lt;Response [502]&gt;.status_code">backend/tests/test_interakt_contact_sync_iter62.py:160: in test_01_sync_all_leads_to_interakt
    assert resp.status_code == 200, f"Sync all leads failed: {resp.text}"
E   AssertionError: Sync all leads failed: The preview environment is not responding. It may be starting up.
E     
E   assert 502 == 200
E    +  where 502 = &lt;Response [502]&gt;.status_code</failure></testcase></testsuite></testsuites>