<?xml version="1.0" encoding="utf-8"?><testsuites name="pytest tests"><testsuite name="pytest" errors="0" failures="0" skipped="0" tests="26" time="3.197" timestamp="2026-03-29T09:56:53.230993+00:00" hostname="agent-env-4031f1ca-e60b-45b8-93b8-c606ac0786d7"><testcase classname="backend.tests.test_iteration55_features.TestGeoZoneAnalytics" name="test_zone_analytics_returns_200" time="0.264" /><testcase classname="backend.tests.test_iteration55_features.TestGeoZoneAnalytics" name="test_zone_analytics_has_zone_analytics_object" time="0.136" /><testcase classname="backend.tests.test_iteration55_features.TestGeoZoneAnalytics" name="test_zone_analytics_zone_structure" time="0.144" /><testcase classname="backend.tests.test_iteration55_features.TestTerritoryPenetration" name="test_territory_penetration_returns_200" time="0.158" /><testcase classname="backend.tests.test_iteration55_features.TestTerritoryPenetration" name="test_territory_penetration_has_district_breakdown" time="0.103" /><testcase classname="backend.tests.test_iteration55_features.TestTerritoryPenetration" name="test_territory_penetration_has_zero_lead_districts" time="0.102" /><testcase classname="backend.tests.test_iteration55_features.TestTerritoryPenetration" name="test_territory_penetration_has_division_gaps" time="0.108" /><testcase classname="backend.tests.test_iteration55_features.TestTerritoryPenetration" name="test_district_breakdown_structure" time="0.097" /><testcase classname="backend.tests.test_iteration55_features.TestVisitorInsights" name="test_visitor_insights_returns_200" time="0.157" /><testcase classname="backend.tests.test_iteration55_features.TestVisitorInsights" name="test_visitor_insights_has_top_searches_by_zone" time="0.096" /><testcase classname="backend.tests.test_iteration55_features.TestVisitorInsights" name="test_visitor_insights_has_visits_by_zone" time="0.101" /><testcase classname="backend.tests.test_iteration55_features.TestVisitorInsights" name="test_visitor_insights_has_top_pages" time="0.102" /><testcase classname="backend.tests.test_iteration55_features.TestAutomationStats" name="test_automation_stats_requires_auth" time="0.093" /><testcase classname="backend.tests.test_iteration55_features.TestAutomationStats" name="test_automation_stats_returns_200_with_auth" time="0.237" /><testcase classname="backend.tests.test_iteration55_features.TestAutomationStats" name="test_automation_stats_has_followups_object" time="0.113" /><testcase classname="backend.tests.test_iteration55_features.TestAutomationStats" name="test_automation_stats_has_leads_object" time="0.097" /><testcase classname="backend.tests.test_iteration55_features.TestEmailEndpoints" name="test_send_brochure_requires_auth" time="0.092" /><testcase classname="backend.tests.test_iteration55_features.TestEmailEndpoints" name="test_send_brochure_endpoint_exists" time="0.096" /><testcase classname="backend.tests.test_iteration55_features.TestEmailEndpoints" name="test_lead_confirmation_endpoint_exists" time="0.087" /><testcase classname="backend.tests.test_iteration55_features.TestEmailEndpoints" name="test_lead_confirmation_skips_without_email" time="0.094" /><testcase classname="backend.tests.test_iteration55_features.TestAdminAnalyticsEndpoint" name="test_admin_analytics_requires_auth" time="0.097" /><testcase classname="backend.tests.test_iteration55_features.TestAdminAnalyticsEndpoint" name="test_admin_analytics_returns_200_with_auth" time="0.099" /><testcase classname="backend.tests.test_iteration55_features.TestWhatsAppAnalytics" name="test_whatsapp_analytics_requires_auth" time="0.112" /><testcase classname="backend.tests.test_iteration55_features.TestWhatsAppAnalytics" name="test_whatsapp_analytics_returns_200_with_auth" time="0.117" /><testcase classname="backend.tests.test_iteration55_features.TestChatbotTelemetry" name="test_chatbot_telemetry_requires_auth" time="0.095" /><testcase classname="backend.tests.test_iteration55_features.TestChatbotTelemetry" name="test_chatbot_telemetry_returns_200_with_auth" time="0.113" /></testsuite></testsuites>