<?xml version="1.0" encoding="utf-8"?><testsuites name="pytest tests"><testsuite name="pytest" errors="0" failures="0" skipped="0" tests="14" time="2.001" timestamp="2026-03-28T02:58:26.494130+00:00" hostname="agent-env-0ed5ba30-509a-4790-b0cb-ea5ca3ab1069"><testcase classname="backend.tests.test_phase5d_product_comparison.TestProductComparisonAPI" name="test_compare_two_trauma_products_success" time="0.247" /><testcase classname="backend.tests.test_phase5d_product_comparison.TestProductComparisonAPI" name="test_compare_response_has_comparison_rows" time="0.144" /><testcase classname="backend.tests.test_phase5d_product_comparison.TestProductComparisonAPI" name="test_compare_system_type_title_case" time="0.104" /><testcase classname="backend.tests.test_phase5d_product_comparison.TestProductComparisonAPI" name="test_compare_cross_division_fails" time="0.143" /><testcase classname="backend.tests.test_phase5d_product_comparison.TestProductComparisonAPI" name="test_compare_single_product_fails" time="0.104" /><testcase classname="backend.tests.test_phase5d_product_comparison.TestProductComparisonAPI" name="test_compare_five_products_fails" time="0.142" /><testcase classname="backend.tests.test_phase5d_product_comparison.TestProductComparisonAPI" name="test_compare_nonexistent_product_fails" time="0.169" /><testcase classname="backend.tests.test_phase5d_product_comparison.TestComparisonSuggestionsAPI" name="test_suggestions_for_trauma_product" time="0.152" /><testcase classname="backend.tests.test_phase5d_product_comparison.TestComparisonSuggestionsAPI" name="test_suggestions_have_comparison_reason" time="0.107" /><testcase classname="backend.tests.test_phase5d_product_comparison.TestComparisonSuggestionsAPI" name="test_suggestions_nonexistent_product" time="0.112" /><testcase classname="backend.tests.test_phase5d_product_comparison.TestCatalogExistingEndpoints" name="test_divisions_endpoint" time="0.123" /><testcase classname="backend.tests.test_phase5d_product_comparison.TestCatalogExistingEndpoints" name="test_product_detail_endpoint" time="0.118" /><testcase classname="backend.tests.test_phase5d_product_comparison.TestCatalogExistingEndpoints" name="test_products_list_endpoint" time="0.146" /><testcase classname="backend.tests.test_phase5d_product_comparison.TestCatalogExistingEndpoints" name="test_related_products_endpoint" time="0.121" /></testsuite></testsuites>