<?xml version="1.0" encoding="utf-8"?><testsuites name="pytest tests"><testsuite name="pytest" errors="0" failures="0" skipped="0" tests="16" time="2.047" timestamp="2026-03-26T14:47:54.425854+00:00" hostname="agent-env-708e62b7-49ce-44e5-91db-6c02915de19c"><testcase classname="backend.tests.test_product_families.TestProductFamiliesAPI" name="test_list_product_families_returns_correct_total" time="0.149" /><testcase classname="backend.tests.test_product_families.TestProductFamiliesAPI" name="test_list_product_families_pagination" time="0.127" /><testcase classname="backend.tests.test_product_families.TestProductFamiliesAPI" name="test_list_product_families_has_variant_count" time="0.135" /><testcase classname="backend.tests.test_product_families.TestProductFamiliesSearch" name="test_search_variabilis_returns_6_families" time="0.118" /><testcase classname="backend.tests.test_product_families.TestProductFamiliesDivisionFilter" name="test_trauma_division_returns_104_families" time="0.109" /><testcase classname="backend.tests.test_product_families.TestProductFamiliesDivisionFilter" name="test_joint_replacement_division_filter" time="0.110" /><testcase classname="backend.tests.test_product_families.TestProductFamilyDetail" name="test_variabilis_distal_radial_plates_has_16_variants" time="0.106" /><testcase classname="backend.tests.test_product_families.TestProductFamilyDetail" name="test_variabilis_cortex_screws_has_13_variants" time="0.109" /><testcase classname="backend.tests.test_product_families.TestProductFamilyDetail" name="test_clavo_locking_bolts_has_28_variants" time="0.116" /><testcase classname="backend.tests.test_product_families.TestProductFamilyDetail" name="test_family_detail_has_technical_specifications" time="0.109" /><testcase classname="backend.tests.test_product_families.TestProductFamilyDetail" name="test_family_detail_has_brochure_when_available" time="0.104" /><testcase classname="backend.tests.test_product_families.TestProductFamilyDetail" name="test_family_detail_variants_have_required_fields" time="0.157" /><testcase classname="backend.tests.test_product_families.TestProductFamilyDetail" name="test_nonexistent_family_returns_404" time="0.118" /><testcase classname="backend.tests.test_product_families.TestProductFamilyStructure" name="test_family_list_has_required_fields" time="0.122" /><testcase classname="backend.tests.test_product_families.TestProductFamilyStructure" name="test_multi_variant_families_exist" time="0.136" /><testcase classname="backend.tests.test_product_families.TestProductFamilyStructure" name="test_single_variant_families_exist" time="0.149" /></testsuite></testsuites>