<?xml version="1.0" encoding="utf-8"?><testsuites name="pytest tests"><testsuite name="pytest" errors="0" failures="0" skipped="0" tests="30" time="3.586" timestamp="2026-03-29T10:10:53.443733+00:00" hostname="agent-env-4031f1ca-e60b-45b8-93b8-c606ac0786d7"><testcase classname="backend.tests.test_iteration56_features.TestZoneAnalytics" name="test_zone_analytics_returns_all_4_zones" time="0.180" /><testcase classname="backend.tests.test_iteration56_features.TestZoneAnalytics" name="test_zone_analytics_has_required_fields" time="0.105" /><testcase classname="backend.tests.test_iteration56_features.TestZoneAnalytics" name="test_zone_01_kukatpally_data" time="0.103" /><testcase classname="backend.tests.test_iteration56_features.TestZoneAnalytics" name="test_zone_02_ameerpet_primary" time="0.103" /><testcase classname="backend.tests.test_iteration56_features.TestZoneAnalytics" name="test_zone_03_central_city_data" time="0.106" /><testcase classname="backend.tests.test_iteration56_features.TestZoneAnalytics" name="test_zone_04_dilsukhnagar_data" time="0.101" /><testcase classname="backend.tests.test_iteration56_features.TestZoneAnalytics" name="test_marketing_opportunity_field" time="0.124" /><testcase classname="backend.tests.test_iteration56_features.TestHospitalIntelligence" name="test_hospital_intelligence_endpoint" time="0.094" /><testcase classname="backend.tests.test_iteration56_features.TestHospitalIntelligence" name="test_hospital_intelligence_structure" time="0.110" /><testcase classname="backend.tests.test_iteration56_features.TestHospitalIntelligence" name="test_hospital_summary_fields" time="0.095" /><testcase classname="backend.tests.test_iteration56_features.TestHospitalIntelligence" name="test_hospital_has_engagement_depth" time="0.101" /><testcase classname="backend.tests.test_iteration56_features.TestHospitalIntelligence" name="test_hospital_has_upsell_opportunity" time="0.108" /><testcase classname="backend.tests.test_iteration56_features.TestHospitalIntelligence" name="test_hospital_has_missing_divisions" time="0.099" /><testcase classname="backend.tests.test_iteration56_features.TestHospitalIntelligence" name="test_top_upsell_opportunities" time="0.106" /><testcase classname="backend.tests.test_iteration56_features.TestCompetitiveIntelligence" name="test_competitive_intelligence_endpoint" time="0.098" /><testcase classname="backend.tests.test_iteration56_features.TestCompetitiveIntelligence" name="test_tracked_competitors_count" time="0.103" /><testcase classname="backend.tests.test_iteration56_features.TestCompetitiveIntelligence" name="test_tracked_competitors_includes_major_brands" time="0.094" /><testcase classname="backend.tests.test_iteration56_features.TestCompetitiveIntelligence" name="test_competitive_intel_structure" time="0.094" /><testcase classname="backend.tests.test_iteration56_features.TestCompetitiveIntelligence" name="test_competitor_mentions_is_integer" time="0.094" /><testcase classname="backend.tests.test_iteration56_features.TestCompetitiveIntelligence" name="test_ranked_competitors_structure" time="0.108" /><testcase classname="backend.tests.test_iteration56_features.TestTerritoryPenetration" name="test_territory_penetration_endpoint" time="0.092" /><testcase classname="backend.tests.test_iteration56_features.TestTerritoryPenetration" name="test_territory_penetration_structure" time="0.103" /><testcase classname="backend.tests.test_iteration56_features.TestTerritoryPenetration" name="test_all_divisions_count" time="0.098" /><testcase classname="backend.tests.test_iteration56_features.TestVisitorInsights" name="test_visitor_insights_endpoint" time="0.095" /><testcase classname="backend.tests.test_iteration56_features.TestVisitorInsights" name="test_visitor_insights_structure" time="0.098" /><testcase classname="backend.tests.test_iteration56_features.TestAdminAnalyticsAuth" name="test_admin_analytics_requires_auth" time="0.094" /><testcase classname="backend.tests.test_iteration56_features.TestAdminAnalyticsAuth" name="test_admin_analytics_with_auth" time="0.202" /><testcase classname="backend.tests.test_iteration56_features.TestAdminAnalyticsAuth" name="test_chatbot_telemetry_with_auth" time="0.199" /><testcase classname="backend.tests.test_iteration56_features.TestAdminAnalyticsAuth" name="test_whatsapp_analytics_with_auth" time="0.203" /><testcase classname="backend.tests.test_iteration56_features.TestAdminAnalyticsAuth" name="test_automation_stats_with_auth" time="0.191" /></testsuite></testsuites>