<?xml version="1.0" encoding="utf-8"?><testsuites name="pytest tests"><testsuite name="pytest" errors="0" failures="0" skipped="3" tests="8" time="3.953" timestamp="2026-01-01T09:15:00.349935+00:00" hostname="agent-env-cd5468f8-c425-47e6-836b-c6c78f611046"><testcase classname="tests.test_new_features.TestOTPIntegration" name="test_otp_request_returns_sms_sent" time="0.903" /><testcase classname="tests.test_new_features.TestOTPIntegration" name="test_otp_verify_with_wrong_code" time="0.037" /><testcase classname="tests.test_new_features.TestSubspecialtyLimit" name="test_profile_update_rejects_more_than_2_subspecialties" time="1.146"><skipped type="pytest.skip" message="Real SMS sent, cannot get OTP for automated test">/app/tests/test_new_features.py:78: Real SMS sent, cannot get OTP for automated test</skipped></testcase><testcase classname="tests.test_new_features.TestSubspecialtyLimit" name="test_profile_update_accepts_2_subspecialties" time="0.746"><skipped type="pytest.skip" message="Real SMS sent, cannot get OTP for automated test">/app/tests/test_new_features.py:111: Real SMS sent, cannot get OTP for automated test</skipped></testcase><testcase classname="tests.test_new_features.TestSubspecialtyLimit" name="test_profile_update_accepts_1_subspecialty" time="0.970"><skipped type="pytest.skip" message="Real SMS sent, cannot get OTP for automated test">/app/tests/test_new_features.py:143: Real SMS sent, cannot get OTP for automated test</skipped></testcase><testcase classname="tests.test_new_features.TestAPIHealth" name="test_api_root" time="0.034" /><testcase classname="tests.test_new_features.TestAPIHealth" name="test_subspecialties_endpoint" time="0.035" /><testcase classname="tests.test_new_features.TestAPIHealth" name="test_admin_login" time="0.035" /></testsuite></testsuites>