<?xml version="1.0" encoding="utf-8"?><testsuites name="pytest tests"><testsuite name="pytest" errors="0" failures="0" skipped="0" tests="18" time="7.638" timestamp="2026-03-27T16:11:22.755077+00:00" hostname="agent-env-12c21060-d262-47cd-8988-03a4a6517d49"><testcase classname="backend.tests.test_catalog_api.TestCatalogDivisions" name="test_divisions_returns_trauma" time="0.298" /><testcase classname="backend.tests.test_catalog_api.TestCatalogDivisions" name="test_divisions_has_categories" time="0.156" /><testcase classname="backend.tests.test_catalog_api.TestCatalogDivisions" name="test_divisions_has_brands" time="0.177" /><testcase classname="backend.tests.test_catalog_api.TestCatalogProductList" name="test_products_list_trauma_division" time="0.134" /><testcase classname="backend.tests.test_catalog_api.TestCatalogProductList" name="test_products_list_pagination" time="0.162" /><testcase classname="backend.tests.test_catalog_api.TestCatalogProductList" name="test_products_list_structure" time="0.131" /><testcase classname="backend.tests.test_catalog_api.TestCatalogProductList" name="test_products_filter_by_category" time="0.279" /><testcase classname="backend.tests.test_catalog_api.TestCatalogProductList" name="test_products_filter_by_brand" time="0.279" /><testcase classname="backend.tests.test_catalog_api.TestCatalogProductList" name="test_products_search" time="0.113" /><testcase classname="backend.tests.test_catalog_api.TestCatalogProductList" name="test_products_filter_by_auric_brand" time="0.121" /><testcase classname="backend.tests.test_catalog_api.TestCatalogProductDetail" name="test_product_detail_valid_slug" time="0.125" /><testcase classname="backend.tests.test_catalog_api.TestCatalogProductDetail" name="test_product_detail_structure" time="0.132" /><testcase classname="backend.tests.test_catalog_api.TestCatalogProductDetail" name="test_product_detail_has_brand_auric" time="0.166" /><testcase classname="backend.tests.test_catalog_api.TestCatalogProductDetail" name="test_product_detail_has_skus" time="0.120" /><testcase classname="backend.tests.test_catalog_api.TestCatalogProductDetail" name="test_product_detail_has_related_products" time="0.132" /><testcase classname="backend.tests.test_catalog_api.TestCatalogProductDetail" name="test_product_detail_404_for_nonexistent" time="0.118" /><testcase classname="backend.tests.test_catalog_api.TestCatalogProductDetail" name="test_product_detail_404_for_invalid_slug" time="2.136" /><testcase classname="backend.tests.test_catalog_api.TestCatalogProductFromList" name="test_get_product_from_list_then_detail" time="2.771" /></testsuite></testsuites>