<?xml version="1.0" encoding="utf-8"?><testsuites name="pytest tests"><testsuite name="pytest" errors="0" failures="0" skipped="0" tests="23" time="4.060" timestamp="2026-03-29T10:25:58.164125+00:00" hostname="agent-env-4031f1ca-e60b-45b8-93b8-c606ac0786d7"><testcase classname="backend.tests.test_iteration57_learning_engine.TestLearningEngineBackend" name="test_admin_analytics_returns_product_intelligence" time="0.321" /><testcase classname="backend.tests.test_iteration57_learning_engine.TestLearningEngineBackend" name="test_admin_analytics_trending_divisions_structure" time="0.193" /><testcase classname="backend.tests.test_iteration57_learning_engine.TestLearningEngineBackend" name="test_admin_analytics_division_demand_structure" time="0.184" /><testcase classname="backend.tests.test_iteration57_learning_engine.TestLearningEngineBackend" name="test_admin_analytics_product_associations_structure" time="0.143" /><testcase classname="backend.tests.test_iteration57_learning_engine.TestLearningEngineBackend" name="test_chatbot_query_endpoint_works" time="0.221" /><testcase classname="backend.tests.test_iteration57_learning_engine.TestLearningEngineBackend" name="test_chatbot_greeting_response" time="0.143" /><testcase classname="backend.tests.test_iteration57_learning_engine.TestLearningEngineBackend" name="test_chatbot_product_query" time="0.154" /><testcase classname="backend.tests.test_iteration57_learning_engine.TestLearningEngineBackend" name="test_chatbot_off_topic_rejection" time="0.141" /><testcase classname="backend.tests.test_iteration57_learning_engine.TestLearningEngineBackend" name="test_zone_analytics_returns_4_zones" time="0.189" /><testcase classname="backend.tests.test_iteration57_learning_engine.TestLearningEngineBackend" name="test_hospital_intelligence_works" time="0.200" /><testcase classname="backend.tests.test_iteration57_learning_engine.TestLearningEngineBackend" name="test_competitive_intelligence_works" time="0.198" /><testcase classname="backend.tests.test_iteration57_learning_engine.TestLearningEngineBackend" name="test_admin_leads_list" time="0.142" /><testcase classname="backend.tests.test_iteration57_learning_engine.TestLearningEngineBackend" name="test_leads_product_insights_structure" time="0.154" /><testcase classname="backend.tests.test_iteration57_learning_engine.TestLearningEngineBackend" name="test_admin_stats_works" time="0.162" /><testcase classname="backend.tests.test_iteration57_learning_engine.TestLearningEngineBackend" name="test_chatbot_telemetry_report" time="0.141" /><testcase classname="backend.tests.test_iteration57_learning_engine.TestLearningEngineBackend" name="test_whatsapp_analytics" time="0.182" /><testcase classname="backend.tests.test_iteration57_learning_engine.TestLearningEngineBackend" name="test_automation_stats" time="0.174" /><testcase classname="backend.tests.test_iteration57_learning_engine.TestLearningEngineBackend" name="test_territory_penetration" time="0.209" /><testcase classname="backend.tests.test_iteration57_learning_engine.TestLearningEngineBackend" name="test_visitor_insights" time="0.210" /><testcase classname="backend.tests.test_iteration57_learning_engine.TestChatbotFAQCache" name="test_chatbot_handles_empty_question" time="0.108" /><testcase classname="backend.tests.test_iteration57_learning_engine.TestChatbotFAQCache" name="test_chatbot_handles_whitespace_question" time="0.095" /><testcase classname="backend.tests.test_iteration57_learning_engine.TestChatbotFAQCache" name="test_chatbot_sku_lookup" time="0.190" /><testcase classname="backend.tests.test_iteration57_learning_engine.TestChatbotFAQCache" name="test_chatbot_division_query" time="0.119" /></testsuite></testsuites>