<?xml version="1.0" encoding="utf-8"?><testsuites name="pytest tests"><testsuite name="pytest" errors="0" failures="0" skipped="0" tests="26" time="6.612" timestamp="2026-03-23T17:47:40.595372+00:00" hostname="agent-env-360d62f3-5ef2-436f-a52a-8e56fdbb9ae9"><testcase classname="backend.tests.test_meddevice_api.TestHealthEndpoint" name="test_health_returns_ok" time="0.233" /><testcase classname="backend.tests.test_meddevice_api.TestDivisionsEndpoint" name="test_get_divisions_returns_8_divisions" time="0.128" /><testcase classname="backend.tests.test_meddevice_api.TestProductsEndpoint" name="test_get_products_paginated" time="0.360" /><testcase classname="backend.tests.test_meddevice_api.TestProductsEndpoint" name="test_get_products_filter_by_division" time="0.167" /><testcase classname="backend.tests.test_meddevice_api.TestProductsEndpoint" name="test_get_products_filter_by_category" time="0.139" /><testcase classname="backend.tests.test_meddevice_api.TestProductsEndpoint" name="test_get_products_search" time="0.156" /><testcase classname="backend.tests.test_meddevice_api.TestProductsEndpoint" name="test_get_single_product" time="0.250" /><testcase classname="backend.tests.test_meddevice_api.TestProductsEndpoint" name="test_get_product_invalid_id" time="0.134" /><testcase classname="backend.tests.test_meddevice_api.TestProductsEndpoint" name="test_get_product_not_found" time="0.150" /><testcase classname="backend.tests.test_meddevice_api.TestLeadCreation" name="test_create_lead_hot_score" time="0.111" /><testcase classname="backend.tests.test_meddevice_api.TestLeadCreation" name="test_create_lead_warm_score" time="0.127" /><testcase classname="backend.tests.test_meddevice_api.TestLeadCreation" name="test_create_lead_cold_score" time="0.120" /><testcase classname="backend.tests.test_meddevice_api.TestAdminAuth" name="test_admin_login_success" time="0.124" /><testcase classname="backend.tests.test_meddevice_api.TestAdminAuth" name="test_admin_login_invalid_password" time="0.124" /><testcase classname="backend.tests.test_meddevice_api.TestAdminAuth" name="test_admin_stats_requires_auth" time="0.162" /><testcase classname="backend.tests.test_meddevice_api.TestAdminAuth" name="test_admin_leads_requires_auth" time="0.117" /><testcase classname="backend.tests.test_meddevice_api.TestAdminDashboard" name="test_get_admin_stats" time="0.251" /><testcase classname="backend.tests.test_meddevice_api.TestAdminLeadsCRUD" name="test_get_admin_leads_paginated" time="0.232" /><testcase classname="backend.tests.test_meddevice_api.TestAdminLeadsCRUD" name="test_get_admin_leads_filter_by_score" time="0.243" /><testcase classname="backend.tests.test_meddevice_api.TestAdminLeadsCRUD" name="test_get_admin_leads_filter_by_status" time="0.301" /><testcase classname="backend.tests.test_meddevice_api.TestAdminLeadsCRUD" name="test_update_lead_status" time="0.628" /><testcase classname="backend.tests.test_meddevice_api.TestAdminLeadsCRUD" name="test_update_lead_add_notes" time="0.504" /><testcase classname="backend.tests.test_meddevice_api.TestAdminLeadsCRUD" name="test_delete_lead" time="0.466" /><testcase classname="backend.tests.test_meddevice_api.TestAdminProductsCRUD" name="test_get_admin_products" time="0.259" /><testcase classname="backend.tests.test_meddevice_api.TestAdminProductsCRUD" name="test_get_admin_products_filter_by_division" time="0.306" /><testcase classname="backend.tests.test_meddevice_api.TestCleanup" name="test_cleanup_test_leads" time="0.634" /></testsuite></testsuites>