<?xml version="1.0" encoding="utf-8"?><testsuites name="pytest tests"><testsuite name="pytest" errors="0" failures="0" skipped="0" tests="23" time="2.923" timestamp="2026-03-30T11:04:10.534118+00:00" hostname="agent-env-c0baa80d-6551-457e-8c57-85df01c54293"><testcase classname="backend.tests.test_admin_dashboard_iter61.TestAdminAuth" name="test_admin_login_success" time="0.277" /><testcase classname="backend.tests.test_admin_dashboard_iter61.TestAdminAuth" name="test_admin_login_invalid_password" time="0.109" /><testcase classname="backend.tests.test_admin_dashboard_iter61.TestDashboardStats" name="test_admin_stats_endpoint" time="0.229" /><testcase classname="backend.tests.test_admin_dashboard_iter61.TestDashboardStats" name="test_stats_requires_auth" time="0.107" /><testcase classname="backend.tests.test_admin_dashboard_iter61.TestPipeline" name="test_pipeline_endpoint" time="0.105" /><testcase classname="backend.tests.test_admin_dashboard_iter61.TestPipeline" name="test_pipeline_requires_auth" time="0.111" /><testcase classname="backend.tests.test_admin_dashboard_iter61.TestAnalytics" name="test_analytics_endpoint" time="0.119" /><testcase classname="backend.tests.test_admin_dashboard_iter61.TestLeads" name="test_leads_list_endpoint" time="0.103" /><testcase classname="backend.tests.test_admin_dashboard_iter61.TestLeads" name="test_leads_search_filter" time="0.122" /><testcase classname="backend.tests.test_admin_dashboard_iter61.TestLeads" name="test_leads_score_filter" time="0.111" /><testcase classname="backend.tests.test_admin_dashboard_iter61.TestLeads" name="test_leads_status_filter" time="0.105" /><testcase classname="backend.tests.test_admin_dashboard_iter61.TestWhatsAppAnalytics" name="test_whatsapp_analytics_endpoint" time="0.102" /><testcase classname="backend.tests.test_admin_dashboard_iter61.TestWhatsAppAnalytics" name="test_whatsapp_conversations_endpoint" time="0.106" /><testcase classname="backend.tests.test_admin_dashboard_iter61.TestGeoEndpoints" name="test_territory_penetration" time="0.120" /><testcase classname="backend.tests.test_admin_dashboard_iter61.TestGeoEndpoints" name="test_hospital_intelligence" time="0.104" /><testcase classname="backend.tests.test_admin_dashboard_iter61.TestGeoEndpoints" name="test_competitive_intelligence" time="0.097" /><testcase classname="backend.tests.test_admin_dashboard_iter61.TestGeoEndpoints" name="test_visitor_insights" time="0.103" /><testcase classname="backend.tests.test_admin_dashboard_iter61.TestGeoEndpoints" name="test_zone_analytics" time="0.103" /><testcase classname="backend.tests.test_admin_dashboard_iter61.TestChatbotTelemetry" name="test_chatbot_telemetry_report" time="0.100" /><testcase classname="backend.tests.test_admin_dashboard_iter61.TestProducts" name="test_products_list_endpoint" time="0.135" /><testcase classname="backend.tests.test_admin_dashboard_iter61.TestProducts" name="test_products_division_filter" time="0.137" /><testcase classname="backend.tests.test_admin_dashboard_iter61.TestProducts" name="test_products_search" time="0.120" /><testcase classname="backend.tests.test_admin_dashboard_iter61.TestAutomationStats" name="test_automation_stats_endpoint" time="0.107" /></testsuite></testsuites>