<?xml version="1.0" encoding="utf-8"?><testsuites name="pytest tests"><testsuite name="pytest" errors="0" failures="0" skipped="0" tests="13" time="5.320" timestamp="2026-03-28T12:09:37.703704+00:00" hostname="agent-env-239baf88-ebc0-417c-9dc7-85d672a2a9bf"><testcase classname="backend.tests.test_catalog_search_chatbot_integration.TestCatalogSearchExpansion" name="test_search_hernia_returns_24_plus_results" time="0.166" /><testcase classname="backend.tests.test_catalog_search_chatbot_integration.TestCatalogSearchExpansion" name="test_search_stent_returns_cardiovascular_products" time="0.149" /><testcase classname="backend.tests.test_catalog_search_chatbot_integration.TestCatalogSearchExpansion" name="test_search_titanium_returns_material_matches" time="0.173" /><testcase classname="backend.tests.test_catalog_search_chatbot_integration.TestCatalogSearchExpansion" name="test_search_trauma_returns_trauma_division" time="0.119" /><testcase classname="backend.tests.test_catalog_search_chatbot_integration.TestCatalogDivisionsAPI" name="test_divisions_returns_13_with_810_products" time="0.138" /><testcase classname="backend.tests.test_catalog_search_chatbot_integration.TestChatbotQueryWithCatalog" name="test_chatbot_hernia_mesh_query" time="0.129" /><testcase classname="backend.tests.test_catalog_search_chatbot_integration.TestChatbotQueryWithCatalog" name="test_chatbot_trauma_plates_query" time="0.112" /><testcase classname="backend.tests.test_catalog_search_chatbot_integration.TestAIChatWithCatalog" name="test_chat_cardiovascular_query" time="3.655" /><testcase classname="backend.tests.test_catalog_search_chatbot_integration.TestSearchResultsStructure" name="test_search_results_have_division_tags" time="0.127" /><testcase classname="backend.tests.test_catalog_search_chatbot_integration.TestSearchResultsStructure" name="test_search_results_have_brand_info" time="0.134" /><testcase classname="backend.tests.test_catalog_search_chatbot_integration.TestSearchResultsStructure" name="test_search_results_have_material_info" time="0.118" /><testcase classname="backend.tests.test_catalog_search_chatbot_integration.TestChatbotSuggestions" name="test_chatbot_suggestions_endpoint" time="0.129" /><testcase classname="backend.tests.test_catalog_search_chatbot_integration.TestChatSuggestions" name="test_chat_suggestions_endpoint" time="0.119" /></testsuite></testsuites>