<?xml version="1.0" encoding="utf-8"?><testsuites name="pytest tests"><testsuite name="pytest" errors="0" failures="0" skipped="0" tests="22" time="3.769" timestamp="2026-03-27T16:59:11.183903+00:00" hostname="agent-env-439e5b02-7485-4efc-a172-4d52f69baec2"><testcase classname="backend.tests.test_catalog_multi_division.TestCatalogDivisionsEndpoint" name="test_divisions_returns_all_four" time="0.173" /><testcase classname="backend.tests.test_catalog_multi_division.TestCatalogDivisionsEndpoint" name="test_trauma_division_metadata" time="0.130" /><testcase classname="backend.tests.test_catalog_multi_division.TestCatalogDivisionsEndpoint" name="test_cardiovascular_division_metadata" time="1.125" /><testcase classname="backend.tests.test_catalog_multi_division.TestCatalogDivisionsEndpoint" name="test_diagnostics_division_metadata" time="0.113" /><testcase classname="backend.tests.test_catalog_multi_division.TestCatalogDivisionsEndpoint" name="test_joint_replacement_division_metadata" time="0.142" /><testcase classname="backend.tests.test_catalog_multi_division.TestCatalogDivisionDetailEndpoint" name="test_cardiovascular_division_detail" time="0.105" /><testcase classname="backend.tests.test_catalog_multi_division.TestCatalogDivisionDetailEndpoint" name="test_diagnostics_division_detail" time="0.104" /><testcase classname="backend.tests.test_catalog_multi_division.TestCatalogDivisionDetailEndpoint" name="test_joint_replacement_division_detail" time="0.115" /><testcase classname="backend.tests.test_catalog_multi_division.TestCatalogDivisionDetailEndpoint" name="test_trauma_division_detail_backward_compat" time="0.120" /><testcase classname="backend.tests.test_catalog_multi_division.TestCatalogDivisionDetailEndpoint" name="test_invalid_division_returns_404" time="0.107" /><testcase classname="backend.tests.test_catalog_multi_division.TestCatalogProductsByDivision" name="test_cardiovascular_products" time="0.116" /><testcase classname="backend.tests.test_catalog_multi_division.TestCatalogProductsByDivision" name="test_diagnostics_products" time="0.137" /><testcase classname="backend.tests.test_catalog_multi_division.TestCatalogProductsByDivision" name="test_joint_replacement_products" time="0.106" /><testcase classname="backend.tests.test_catalog_multi_division.TestCatalogProductsByDivision" name="test_trauma_products_backward_compat" time="0.104" /><testcase classname="backend.tests.test_catalog_multi_division.TestCatalogProductDetailByDivision" name="test_cardiovascular_product_detail" time="0.125" /><testcase classname="backend.tests.test_catalog_multi_division.TestCatalogProductDetailByDivision" name="test_diagnostics_product_detail" time="0.108" /><testcase classname="backend.tests.test_catalog_multi_division.TestCatalogProductDetailByDivision" name="test_joint_replacement_product_detail" time="0.120" /><testcase classname="backend.tests.test_catalog_multi_division.TestCatalogProductDetailByDivision" name="test_trauma_product_detail_backward_compat" time="0.136" /><testcase classname="backend.tests.test_catalog_multi_division.TestProductListP0P1Fields" name="test_product_list_has_image_type" time="0.112" /><testcase classname="backend.tests.test_catalog_multi_division.TestProductListP0P1Fields" name="test_product_list_has_parent_brand" time="0.117" /><testcase classname="backend.tests.test_catalog_multi_division.TestProductListP0P1Fields" name="test_product_list_has_division_slug" time="0.144" /><testcase classname="backend.tests.test_catalog_multi_division.TestRelatedProductsDivisionSlug" name="test_cardiovascular_related_products" time="0.114" /></testsuite></testsuites>