<?xml version="1.0" encoding="utf-8"?><testsuites name="pytest tests"><testsuite name="pytest" errors="0" failures="0" skipped="0" tests="20" time="3.082" timestamp="2026-03-26T14:16:02.428840+00:00" hostname="agent-env-708e62b7-49ce-44e5-91db-6c02915de19c"><testcase classname="backend.tests.test_product_catalog.TestDivisionsAPI" name="test_divisions_returns_13_divisions" time="0.241" /><testcase classname="backend.tests.test_product_catalog.TestDivisionsAPI" name="test_divisions_total_product_count" time="0.126" /><testcase classname="backend.tests.test_product_catalog.TestDivisionsAPI" name="test_divisions_have_required_fields" time="0.158" /><testcase classname="backend.tests.test_product_catalog.TestDivisionsAPI" name="test_trauma_division_count" time="0.112" /><testcase classname="backend.tests.test_product_catalog.TestDivisionsAPI" name="test_joint_replacement_division_count" time="0.109" /><testcase classname="backend.tests.test_product_catalog.TestDivisionsAPI" name="test_cardiovascular_division_count" time="0.108" /><testcase classname="backend.tests.test_product_catalog.TestProductsAPI" name="test_products_returns_967_total" time="0.131" /><testcase classname="backend.tests.test_product_catalog.TestProductsAPI" name="test_products_have_required_fields" time="0.128" /><testcase classname="backend.tests.test_product_catalog.TestProductsAPI" name="test_products_pagination" time="0.162" /><testcase classname="backend.tests.test_product_catalog.TestProductSearch" name="test_search_variabilis_returns_78_products" time="0.142" /><testcase classname="backend.tests.test_product_catalog.TestProductSearch" name="test_variabilis_products_have_brochure" time="0.117" /><testcase classname="backend.tests.test_product_catalog.TestProductSearch" name="test_search_by_sku" time="0.117" /><testcase classname="backend.tests.test_product_catalog.TestProductFiltering" name="test_filter_trauma_returns_218" time="0.134" /><testcase classname="backend.tests.test_product_catalog.TestProductFiltering" name="test_filter_joint_replacement_returns_112" time="0.101" /><testcase classname="backend.tests.test_product_catalog.TestProductFiltering" name="test_filter_cardiovascular_returns_60" time="0.110" /><testcase classname="backend.tests.test_product_catalog.TestProductDetail" name="test_get_variabilis_product_detail" time="0.223" /><testcase classname="backend.tests.test_product_catalog.TestProductDetail" name="test_invalid_product_id_returns_400" time="0.104" /><testcase classname="backend.tests.test_product_catalog.TestProductDetail" name="test_nonexistent_product_returns_404" time="0.118" /><testcase classname="backend.tests.test_product_catalog.TestBrochureDownload" name="test_brochure_download_requires_name_and_phone" time="0.336" /><testcase classname="backend.tests.test_product_catalog.TestBrochureDownload" name="test_brochure_download_with_valid_data" time="0.227" /></testsuite></testsuites>