<?xml version="1.0" encoding="utf-8"?><testsuites name="pytest tests"><testsuite name="pytest" errors="0" failures="0" skipped="0" tests="23" time="3.767" timestamp="2026-03-28T10:19:08.223881+00:00" hostname="agent-env-239baf88-ebc0-417c-9dc7-85d672a2a9bf"><testcase classname="backend.tests.test_nonpilot_sku_cleanup.TestNonPilotCleanupVerification" name="test_admin_login_returns_token" time="0.244" /><testcase classname="backend.tests.test_nonpilot_sku_cleanup.TestNonPilotCleanupVerification" name="test_review_stats_returns_200" time="0.162" /><testcase classname="backend.tests.test_nonpilot_sku_cleanup.TestNonPilotCleanupVerification" name="test_review_stats_has_ent_division" time="0.155" /><testcase classname="backend.tests.test_nonpilot_sku_cleanup.TestNonPilotCleanupVerification" name="test_review_stats_has_endo_surgery_division" time="0.156" /><testcase classname="backend.tests.test_nonpilot_sku_cleanup.TestNonPilotCleanupVerification" name="test_review_products_ent_division_filter" time="0.146" /><testcase classname="backend.tests.test_nonpilot_sku_cleanup.TestNonPilotCleanupVerification" name="test_ent_products_have_expected_brands" time="0.147" /><testcase classname="backend.tests.test_nonpilot_sku_cleanup.TestNonPilotCleanupVerification" name="test_review_products_endo_surgery_division_filter" time="0.182" /><testcase classname="backend.tests.test_nonpilot_sku_cleanup.TestNonPilotCleanupVerification" name="test_review_families_returns_200" time="0.163" /><testcase classname="backend.tests.test_nonpilot_sku_cleanup.TestNonPilotCleanupVerification" name="test_review_families_ent_division" time="0.144" /><testcase classname="backend.tests.test_nonpilot_sku_cleanup.TestNonPilotCleanupVerification" name="test_review_families_endo_surgery_division" time="0.164" /><testcase classname="backend.tests.test_nonpilot_sku_cleanup.TestNonPilotCleanupVerification" name="test_smart_suggestions_returns_200" time="0.174" /><testcase classname="backend.tests.test_nonpilot_sku_cleanup.TestNonPilotCleanupVerification" name="test_catalog_divisions_returns_pilot_divisions" time="0.149" /><testcase classname="backend.tests.test_nonpilot_sku_cleanup.TestNonPilotCleanupVerification" name="test_ent_product_detail" time="0.231" /><testcase classname="backend.tests.test_nonpilot_sku_cleanup.TestNonPilotCleanupVerification" name="test_endo_surgery_product_detail" time="0.215" /><testcase classname="backend.tests.test_nonpilot_sku_cleanup.TestCleanupDataIntegrity" name="test_ent_products_have_unique_slugs" time="0.151" /><testcase classname="backend.tests.test_nonpilot_sku_cleanup.TestCleanupDataIntegrity" name="test_endo_surgery_products_have_unique_slugs" time="0.211" /><testcase classname="backend.tests.test_nonpilot_sku_cleanup.TestCleanupDataIntegrity" name="test_ent_products_have_valid_confidence" time="0.187" /><testcase classname="backend.tests.test_nonpilot_sku_cleanup.TestCleanupDataIntegrity" name="test_endo_surgery_products_have_valid_confidence" time="0.188" /><testcase classname="backend.tests.test_nonpilot_sku_cleanup.TestAuthenticationRequired" name="test_review_stats_requires_auth" time="0.111" /><testcase classname="backend.tests.test_nonpilot_sku_cleanup.TestAuthenticationRequired" name="test_review_products_requires_auth" time="0.094" /><testcase classname="backend.tests.test_nonpilot_sku_cleanup.TestAuthenticationRequired" name="test_review_families_requires_auth" time="0.102" /><testcase classname="backend.tests.test_nonpilot_sku_cleanup.TestAuthenticationRequired" name="test_smart_suggestions_requires_auth" time="0.109" /><testcase classname="backend.tests.test_nonpilot_sku_cleanup.TestAuthenticationRequired" name="test_admin_login_invalid_password" time="0.095" /></testsuite></testsuites>