<?xml version="1.0" encoding="utf-8"?><testsuites name="pytest tests"><testsuite name="pytest" errors="0" failures="0" skipped="0" tests="13" time="1.877" timestamp="2026-03-27T18:41:34.476495+00:00" hostname="agent-env-0ed5ba30-509a-4790-b0cb-ea5ca3ab1069"><testcase classname="backend.tests.test_phase5b_related_products.TestRelatedProductsAPI" name="test_auric_product_returns_mboss_screws_in_compatible_components" time="0.217" /><testcase classname="backend.tests.test_phase5b_related_products.TestRelatedProductsAPI" name="test_auric_product_returns_armar_in_same_family_alternatives" time="0.110" /><testcase classname="backend.tests.test_phase5b_related_products.TestRelatedProductsAPI" name="test_pfrn_nail_returns_mboss_screws" time="0.114" /><testcase classname="backend.tests.test_phase5b_related_products.TestRelatedProductsAPI" name="test_mboss_screw_returns_plates_as_used_with" time="0.150" /><testcase classname="backend.tests.test_phase5b_related_products.TestRelatedProductsAPI" name="test_non_enriched_product_returns_empty_buckets" time="0.110" /><testcase classname="backend.tests.test_phase5b_related_products.TestRelatedProductsAPI" name="test_related_item_has_required_fields" time="0.118" /><testcase classname="backend.tests.test_phase5b_related_products.TestRelatedProductsAPI" name="test_related_endpoint_returns_404_for_nonexistent_product" time="0.124" /><testcase classname="backend.tests.test_phase5b_related_products.TestAdminPasswordChange" name="test_admin_login_with_new_password_succeeds" time="0.125" /><testcase classname="backend.tests.test_phase5b_related_products.TestAdminPasswordChange" name="test_admin_login_with_old_password_fails" time="0.134" /><testcase classname="backend.tests.test_phase5b_related_products.TestExistingCatalogEndpoints" name="test_divisions_endpoint_works" time="0.187" /><testcase classname="backend.tests.test_phase5b_related_products.TestExistingCatalogEndpoints" name="test_products_list_endpoint_works" time="0.127" /><testcase classname="backend.tests.test_phase5b_related_products.TestExistingCatalogEndpoints" name="test_product_detail_endpoint_works" time="0.145" /><testcase classname="backend.tests.test_phase5b_related_products.TestExistingCatalogEndpoints" name="test_division_detail_endpoint_works" time="0.139" /></testsuite></testsuites>