<?xml version="1.0" encoding="utf-8"?><testsuites name="pytest tests"><testsuite name="pytest" errors="0" failures="0" skipped="0" tests="14" time="3.084" timestamp="2026-03-28T02:38:21.057566+00:00" hostname="agent-env-0ed5ba30-509a-4790-b0cb-ea5ca3ab1069"><testcase classname="backend.tests.test_phase5c_split_shared_skus.TestDOASKUSplit" name="test_doa_amphetamine_sku_count" time="0.144" /><testcase classname="backend.tests.test_phase5c_split_shared_skus.TestDOASKUSplit" name="test_doa_cocaine_sku_count" time="0.125" /><testcase classname="backend.tests.test_phase5c_split_shared_skus.TestDOASKUSplit" name="test_doa_multi_drug_sku_count" time="0.132" /><testcase classname="backend.tests.test_phase5c_split_shared_skus.TestDOASKUSplit" name="test_doa_amphetamine_skus_are_drug_specific" time="0.109" /><testcase classname="backend.tests.test_phase5c_split_shared_skus.TestMBOSSPromotion" name="test_mboss_screws_in_auric_plate_compatible_components" time="0.138" /><testcase classname="backend.tests.test_phase5c_split_shared_skus.TestMBOSSPromotion" name="test_mboss_screws_in_pfrn_nail_compatible_components" time="0.111" /><testcase classname="backend.tests.test_phase5c_split_shared_skus.TestNonEnrichedProducts" name="test_non_enriched_product_empty_buckets" time="0.110" /><testcase classname="backend.tests.test_phase5c_split_shared_skus.TestRelatedProductsBadges" name="test_compatible_components_have_correct_labels" time="0.117" /><testcase classname="backend.tests.test_phase5c_split_shared_skus.TestRelatedProductsBadges" name="test_same_family_alternatives_have_correct_labels" time="0.114" /><testcase classname="backend.tests.test_phase5c_split_shared_skus.TestCatalogNavigation" name="test_portfolio_divisions_endpoint" time="0.141" /><testcase classname="backend.tests.test_phase5c_split_shared_skus.TestCatalogNavigation" name="test_trauma_division_page" time="0.137" /><testcase classname="backend.tests.test_phase5c_split_shared_skus.TestCatalogNavigation" name="test_diagnostics_division_has_doa_products" time="0.136" /><testcase classname="backend.tests.test_phase5c_split_shared_skus.TestAdminAuth" name="test_admin_login_with_correct_password" time="0.444" /><testcase classname="backend.tests.test_phase5c_split_shared_skus.TestAdminAuth" name="test_admin_login_with_wrong_password" time="1.058" /></testsuite></testsuites>